<?xml version="1.0" encoding="UTF-8"?>
<!-- Generated by org.testng.reporters.JUnitReportReporter -->
<testsuite hostname="DESKTOP-C1TU1OE" failures="0" tests="4" name="com.vcentry.lab.testcases.LoginTest" time="28.061" errors="0" timestamp="2023-02-13T17:23:53 IST" skipped="0">
  <testcase classname="com.vcentry.lab.testcases.LoginTest" name="validateLoginTest" time="5.560"/>
  <system-out/>
  <testcase classname="com.vcentry.lab.testcases.LoginTest" name="validateLoginTest" time="5.910"/>
  <system-out/>
  <testcase classname="com.vcentry.lab.testcases.LoginTest" name="validateLoginTest" time="7.690"/>
  <system-out/>
  <testcase classname="com.vcentry.lab.testcases.LoginTest" name="validateLoginTest" time="8.901"/>
  <system-out/>
</testsuite> <!-- com.vcentry.lab.testcases.LoginTest -->
